{"contracts/Lottery.sol":{"l":{"59":3,"60":3,"61":3,"62":3,"63":3,"64":3,"65":3,"66":3,"70":5,"71":1,"73":4,"74":1,"76":3,"77":3,"99":1,"100":1,"101":1,"102":1,"103":1,"109":1,"110":1,"111":0,"117":1,"118":1,"125":1,"132":0,"133":0,"134":0,"135":0,"136":0,"137":0,"138":0,"139":0,"140":0,"142":0,"147":5,"151":1,"155":0,"159":1,"163":0,"167":0,"171":0,"175":0,"179":5},"path":"/Users/boston/Desktop/solidity-desk/hh-fcc/hardhat-smartcontract-lottery/contracts/Lottery.sol","s":{"1":3,"2":3,"3":3,"4":3,"5":3,"6":3,"7":3,"8":3,"9":5,"10":4,"11":3,"12":3,"13":1,"14":1,"15":1,"16":1,"17":1,"18":1,"19":1,"20":1,"21":1,"22":1,"23":0,"24":0,"25":0,"26":0,"27":0,"28":0,"29":0,"30":0,"31":0,"32":5,"33":1,"34":0,"35":1,"36":0,"37":0,"38":0,"39":0,"40":5},"b":{"1":[1,4],"2":[1,3],"3":[0,1],"4":[0,0]},"f":{"1":3,"2":5,"3":1,"4":1,"5":0,"6":5,"7":1,"8":0,"9":1,"10":0,"11":0,"12":0,"13":0,"14":5},"fnMap":{"1":{"name":"constructor","line":58,"loc":{"start":{"line":51,"column":2},"end":{"line":67,"column":2}}},"2":{"name":"enterLottery","line":69,"loc":{"start":{"line":69,"column":2},"end":{"line":78,"column":2}}},"3":{"name":"checkUpkeep","line":89,"loc":{"start":{"line":89,"column":2},"end":{"line":104,"column":2}}},"4":{"name":"performUpkeep","line":106,"loc":{"start":{"line":106,"column":2},"end":{"line":126,"column":2}}},"5":{"name":"fulfillRandomWords","line":128,"loc":{"start":{"line":128,"column":2},"end":{"line":143,"column":2}}},"6":{"name":"getEntranceFee","line":146,"loc":{"start":{"line":146,"column":2},"end":{"line":148,"column":2}}},"7":{"name":"getPlayer","line":150,"loc":{"start":{"line":150,"column":2},"end":{"line":152,"column":2}}},"8":{"name":"getRecentWinner","line":154,"loc":{"start":{"line":154,"column":2},"end":{"line":156,"column":2}}},"9":{"name":"getLotteryState","line":158,"loc":{"start":{"line":158,"column":2},"end":{"line":160,"column":2}}},"10":{"name":"getNumWords","line":162,"loc":{"start":{"line":162,"column":2},"end":{"line":164,"column":2}}},"11":{"name":"getNumberOfPlayers","line":166,"loc":{"start":{"line":166,"column":2},"end":{"line":168,"column":2}}},"12":{"name":"getLatestTimeStamp","line":170,"loc":{"start":{"line":170,"column":2},"end":{"line":172,"column":2}}},"13":{"name":"getRequestConfirmations","line":174,"loc":{"start":{"line":174,"column":2},"end":{"line":176,"column":2}}},"14":{"name":"getInterval","line":178,"loc":{"start":{"line":178,"column":2},"end":{"line":180,"column":2}}}},"statementMap":{"1":{"start":{"line":59,"column":4},"end":{"line":59,"column":30}},"2":{"start":{"line":60,"column":4},"end":{"line":60,"column":65}},"3":{"start":{"line":61,"column":4},"end":{"line":61,"column":22}},"4":{"start":{"line":62,"column":4},"end":{"line":62,"column":36}},"5":{"start":{"line":63,"column":4},"end":{"line":63,"column":40}},"6":{"start":{"line":64,"column":4},"end":{"line":64,"column":37}},"7":{"start":{"line":65,"column":4},"end":{"line":65,"column":36}},"8":{"start":{"line":66,"column":4},"end":{"line":66,"column":24}},"9":{"start":{"line":70,"column":4},"end":{"line":70,"column":2161}},"10":{"start":{"line":73,"column":4},"end":{"line":73,"column":2249}},"11":{"start":{"line":76,"column":4},"end":{"line":76,"column":38}},"12":{"start":{"line":77,"column":4},"end":{"line":77,"column":33}},"13":{"start":{"line":99,"column":4},"end":{"line":99,"column":55}},"14":{"start":{"line":100,"column":4},"end":{"line":100,"column":72}},"15":{"start":{"line":101,"column":4},"end":{"line":101,"column":44}},"16":{"start":{"line":102,"column":4},"end":{"line":102,"column":47}},"17":{"start":{"line":103,"column":4},"end":{"line":103,"column":68}},"18":{"start":{"line":109,"column":4},"end":{"line":109,"column":43}},"19":{"start":{"line":110,"column":4},"end":{"line":110,"column":3422}},"20":{"start":{"line":117,"column":4},"end":{"line":117,"column":44}},"21":{"start":{"line":118,"column":4},"end":{"line":118,"column":3638}},"22":{"start":{"line":125,"column":4},"end":{"line":125,"column":42}},"23":{"start":{"line":132,"column":4},"end":{"line":132,"column":61}},"24":{"start":{"line":133,"column":4},"end":{"line":133,"column":59}},"25":{"start":{"line":134,"column":4},"end":{"line":134,"column":32}},"26":{"start":{"line":135,"column":4},"end":{"line":135,"column":37}},"27":{"start":{"line":136,"column":4},"end":{"line":136,"column":39}},"28":{"start":{"line":137,"column":4},"end":{"line":137,"column":36}},"29":{"start":{"line":138,"column":4},"end":{"line":138,"column":76}},"30":{"start":{"line":139,"column":4},"end":{"line":139,"column":4341}},"31":{"start":{"line":142,"column":4},"end":{"line":142,"column":35}},"32":{"start":{"line":147,"column":4},"end":{"line":147,"column":24}},"33":{"start":{"line":151,"column":4},"end":{"line":151,"column":27}},"34":{"start":{"line":155,"column":4},"end":{"line":155,"column":25}},"35":{"start":{"line":159,"column":4},"end":{"line":159,"column":25}},"36":{"start":{"line":163,"column":4},"end":{"line":163,"column":20}},"37":{"start":{"line":167,"column":4},"end":{"line":167,"column":27}},"38":{"start":{"line":171,"column":4},"end":{"line":171,"column":26}},"39":{"start":{"line":175,"column":4},"end":{"line":175,"column":32}},"40":{"start":{"line":179,"column":4},"end":{"line":179,"column":21}}},"branchMap":{"1":{"line":70,"type":"if","locations":[{"start":{"line":70,"column":4},"end":{"line":70,"column":4}},{"start":{"line":70,"column":4},"end":{"line":70,"column":4}}]},"2":{"line":73,"type":"if","locations":[{"start":{"line":73,"column":4},"end":{"line":73,"column":4}},{"start":{"line":73,"column":4},"end":{"line":73,"column":4}}]},"3":{"line":110,"type":"if","locations":[{"start":{"line":110,"column":4},"end":{"line":110,"column":4}},{"start":{"line":110,"column":4},"end":{"line":110,"column":4}}]},"4":{"line":139,"type":"if","locations":[{"start":{"line":139,"column":4},"end":{"line":139,"column":4}},{"start":{"line":139,"column":4},"end":{"line":139,"column":4}}]}}},"contracts/test/VRFCoordinatorV2Mock.sol":{"l":{},"path":"/Users/boston/Desktop/solidity-desk/hh-fcc/hardhat-smartcontract-lottery/contracts/test/VRFCoordinatorV2Mock.sol","s":{},"b":{},"f":{},"fnMap":{},"statementMap":{},"branchMap":{}}}