TN:
SF:/Users/boston/Desktop/solidity-desk/hh-fcc/hardhat-smartcontract-lottery/contracts/Lottery.sol
FN:58,constructor
FN:69,enterLottery
FN:89,checkUpkeep
FN:106,performUpkeep
FN:128,fulfillRandomWords
FN:146,getEntranceFee
FN:150,getPlayer
FN:154,getRecentWinner
FN:158,getLotteryState
FN:162,getNumWords
FN:166,getNumberOfPlayers
FN:170,getLatestTimeStamp
FN:174,getRequestConfirmations
FN:178,getInterval
FNF:14
FNH:8
FNDA:3,constructor
FNDA:5,enterLottery
FNDA:1,checkUpkeep
FNDA:1,performUpkeep
FNDA:0,fulfillRandomWords
FNDA:5,getEntranceFee
FNDA:1,getPlayer
FNDA:0,getRecentWinner
FNDA:1,getLotteryState
FNDA:0,getNumWords
FNDA:0,getNumberOfPlayers
FNDA:0,getLatestTimeStamp
FNDA:0,getRequestConfirmations
FNDA:5,getInterval
DA:59,3
DA:60,3
DA:61,3
DA:62,3
DA:63,3
DA:64,3
DA:65,3
DA:66,3
DA:70,5
DA:71,1
DA:73,4
DA:74,1
DA:76,3
DA:77,3
DA:99,1
DA:100,1
DA:101,1
DA:102,1
DA:103,1
DA:109,1
DA:110,1
DA:111,0
DA:117,1
DA:118,1
DA:125,1
DA:132,0
DA:133,0
DA:134,0
DA:135,0
DA:136,0
DA:137,0
DA:138,0
DA:139,0
DA:140,0
DA:142,0
DA:147,5
DA:151,1
DA:155,0
DA:159,1
DA:163,0
DA:167,0
DA:171,0
DA:175,0
DA:179,5
LF:44
LH:28
BRDA:70,1,0,1
BRDA:70,1,1,4
BRDA:73,2,0,1
BRDA:73,2,1,3
BRDA:110,3,0,0
BRDA:110,3,1,1
BRDA:139,4,0,0
BRDA:139,4,1,0
BRF:8
BRH:5
end_of_record
TN:
SF:/Users/boston/Desktop/solidity-desk/hh-fcc/hardhat-smartcontract-lottery/contracts/test/VRFCoordinatorV2Mock.sol
FNF:0
FNH:0
LF:0
LH:0
BRF:0
BRH:0
end_of_record
